[2026-01-26 20:57:52] Request: /painel
[2026-01-26 20:57:52] Request: /favicon.ico
[2026-01-26 20:57:58] Request: /login
[2026-01-26 20:57:58] Request: /painel
[2026-01-26 20:57:58] Request: /favicon.ico
[2026-01-26 20:58:05] Request: /painel
[2026-01-26 20:58:05] Request: /favicon.ico
[2026-01-26 21:13:48] Request: /painel
[2026-01-26 21:13:48] Request: /favicon.ico
[2026-01-26 21:13:51] Request: /admin/produtos/create.php
[2026-01-26 21:13:51] Request: /favicon.ico
[2026-01-26 21:13:54] Request: /painel
[2026-01-26 21:13:54] Request: /favicon.ico
[2026-01-26 21:14:44] Request: /admin/produtos/create.php
[2026-01-26 21:14:45] Request: /favicon.ico
[2026-01-26 21:14:47] Request: /painel
[2026-01-26 21:14:47] Request: /favicon.ico
[2026-01-26 21:14:54] Request: /
[2026-01-26 21:14:54] Request: /assets/css/style.css
[2026-01-26 21:14:54] Request: /assets/js/main.js
[2026-01-26 21:14:54] Request: /favicon.ico
[2026-01-26 22:22:41] Request: /painel
[2026-01-26 22:22:41] Request: /assets/css/admin.css
[2026-01-26 22:22:41] Request: /favicon.ico
[2026-01-26 22:22:44] Request: /painel
[2026-01-26 22:22:44] Request: /assets/css/admin.css
[2026-01-26 22:22:44] Request: /favicon.ico
[2026-01-26 22:22:45] Request: /painel
[2026-01-26 22:22:45] Request: /assets/css/admin.css
[2026-01-26 22:22:45] Request: /favicon.ico
[2026-01-26 22:22:47] Request: /logout
[2026-01-26 22:22:47] Request: /login
[2026-01-26 22:22:48] Request: /favicon.ico
[2026-01-26 22:22:55] Request: /admin/auth.php
[2026-01-26 22:22:55] Request: /admin/login.php
[2026-01-26 22:22:56] Request: /favicon.ico
[2026-01-26 22:23:05] Request: /admin/auth.php
[2026-01-26 22:23:05] Request: /painel
[2026-01-26 22:23:05] Request: /assets/css/admin.css
[2026-01-26 22:23:05] Request: /favicon.ico
[2026-01-26 22:23:09] Request: /admin/produtos/create.php
[2026-01-26 22:23:09] Request: /favicon.ico
[2026-01-26 22:24:04] Request: /admin/produtos/store.php
[2026-01-26 22:24:04] Request: /painel
[2026-01-26 22:24:04] Request: /assets/css/admin.css
[2026-01-26 22:24:04] Request: /assets/img/6977db748e7f6.jpg
[2026-01-26 22:24:04] Request: /favicon.ico
[2026-01-26 22:24:08] Request: /admin/produtos/edit.php
[2026-01-26 22:24:09] Request: /assets/img/6977db748e7f6.jpg
[2026-01-26 22:24:09] Request: /favicon.ico
[2026-01-26 22:24:11] Request: /painel
[2026-01-26 22:24:11] Request: /assets/css/admin.css
[2026-01-26 22:24:11] Request: /assets/img/6977db748e7f6.jpg
[2026-01-26 22:24:11] Request: /favicon.ico
[2026-01-26 22:24:17] Request: /
[2026-01-26 22:24:18] Request: /assets/css/style.css
[2026-01-26 22:24:18] Request: /assets/img/6977db748e7f6.jpg
[2026-01-26 22:24:18] Request: /assets/js/main.js
[2026-01-26 22:24:18] Request: /favicon.ico
[2026-01-26 22:24:29] Request: /admin/produtos/create.php
[2026-01-26 22:24:29] Request: /favicon.ico
[2026-01-26 22:24:40] Request: /admin/produtos/store.php
[2026-01-26 22:24:40] Request: /painel
[2026-01-26 22:24:40] Request: /assets/css/admin.css
[2026-01-26 22:24:40] Request: /assets/img/6977db980c534.jpg
[2026-01-26 22:24:40] Request: /assets/img/6977db748e7f6.jpg
[2026-01-26 22:24:40] Request: /favicon.ico
[2026-01-26 22:24:42] Request: /
[2026-01-26 22:24:42] Request: /assets/css/style.css
[2026-01-26 22:24:42] Request: /assets/img/6977db980c534.jpg
[2026-01-26 22:24:42] Request: /assets/img/6977db748e7f6.jpg
[2026-01-26 22:24:42] Request: /assets/js/main.js
[2026-01-26 22:24:43] Request: /favicon.ico
[2026-01-26 22:24:51] Request: /admin/produtos/edit.php
[2026-01-26 22:24:51] Request: /assets/img/6977db980c534.jpg
[2026-01-26 22:24:51] Request: /favicon.ico
[2026-01-26 22:24:56] Request: /admin/produtos/update.php
[2026-01-26 22:24:56] Request: /painel
[2026-01-26 22:24:56] Request: /assets/css/admin.css
[2026-01-26 22:24:56] Request: /assets/img/6977db980c534.jpg
[2026-01-26 22:24:56] Request: /assets/img/6977db748e7f6.jpg
[2026-01-26 22:24:57] Request: /favicon.ico
[2026-01-26 22:25:02] Request: /
[2026-01-26 22:25:02] Request: /assets/css/style.css
[2026-01-26 22:25:02] Request: /assets/img/6977db980c534.jpg
[2026-01-26 22:25:02] Request: /assets/img/6977db748e7f6.jpg
[2026-01-26 22:25:02] Request: /assets/js/main.js
[2026-01-26 22:25:03] Request: /favicon.ico
[2026-01-26 22:31:04] Request: /
[2026-01-26 22:31:04] Request: /assets/css/style.css
[2026-01-26 22:31:04] Request: /assets/img/6977db980c534.jpg
[2026-01-26 22:31:04] Request: /assets/img/6977db748e7f6.jpg
[2026-01-26 22:31:04] Request: /assets/js/main.js
[2026-01-26 22:31:05] Request: /favicon.ico
[2026-01-26 22:31:21] Request: /painel
[2026-01-26 22:31:21] Request: /assets/css/admin.css
[2026-01-26 22:31:21] Request: /assets/img/6977db980c534.jpg
[2026-01-26 22:31:21] Request: /assets/img/6977db748e7f6.jpg
[2026-01-26 22:31:21] Request: /favicon.ico
[2026-01-26 22:33:25] Request: /logout
[2026-01-26 22:33:25] Request: /login
[2026-01-26 22:33:26] Request: /favicon.ico
[2026-01-26 22:33:31] Request: /admin/auth.php
[2026-01-26 22:33:31] Request: /painel
[2026-01-26 22:33:31] Request: /assets/css/admin.css
[2026-01-26 22:33:31] Request: /assets/img/6977db980c534.jpg
[2026-01-26 22:33:31] Request: /assets/img/6977db748e7f6.jpg
[2026-01-26 22:33:32] Request: /favicon.ico
[2026-01-26 22:33:37] Request: /painel
[2026-01-26 22:33:37] Request: /assets/css/admin.css
[2026-01-26 22:33:37] Request: /assets/img/6977db980c534.jpg
[2026-01-26 22:33:37] Request: /assets/img/6977db748e7f6.jpg
[2026-01-26 22:33:38] Request: /favicon.ico
[2026-01-26 22:38:38] Request: /
[2026-01-26 22:38:38] Request: /assets/css/style.css
[2026-01-26 22:38:38] Request: /assets/img/6977db980c534.jpg
[2026-01-26 22:38:38] Request: /assets/img/6977db748e7f6.jpg
[2026-01-26 22:38:38] Request: /assets/js/main.js
[2026-01-26 22:38:39] Request: /favicon.ico
[2026-01-26 22:38:51] Request: /
[2026-01-26 22:38:51] Request: /assets/css/style.css
[2026-01-26 22:38:51] Request: /assets/img/6977db980c534.jpg
[2026-01-26 22:38:51] Request: /assets/img/6977db748e7f6.jpg
[2026-01-26 22:38:51] Request: /assets/js/main.js
[2026-01-26 22:38:51] Request: /favicon.ico
[2026-01-26 22:39:08] Request: /admin/produtos/edit.php
[2026-01-26 22:39:08] Request: /assets/img/6977db980c534.jpg
[2026-01-26 22:39:09] Request: /favicon.ico
[2026-01-26 22:39:31] Request: /admin/produtos/update.php
[2026-01-26 22:39:31] Request: /painel
[2026-01-26 22:39:31] Request: /assets/css/admin.css
[2026-01-26 22:39:31] Request: /assets/img/6977db980c534.jpg
[2026-01-26 22:39:31] Request: /assets/img/6977db748e7f6.jpg
[2026-01-26 22:39:32] Request: /favicon.ico
[2026-01-26 22:39:36] Request: /
[2026-01-26 22:39:36] Request: /assets/css/style.css
[2026-01-26 22:39:36] Request: /assets/img/6977db980c534.jpg
[2026-01-26 22:39:36] Request: /assets/img/6977db748e7f6.jpg
[2026-01-26 22:39:36] Request: /assets/js/main.js
[2026-01-26 22:39:36] Request: /favicon.ico
[2026-01-26 22:39:47] Request: /admin/produtos/create.php
[2026-01-26 22:39:47] Request: /favicon.ico
[2026-01-26 22:40:03] Request: /admin/produtos/store.php
[2026-01-26 22:40:03] Request: /painel
[2026-01-26 22:40:03] Request: /assets/css/admin.css
[2026-01-26 22:40:03] Request: /assets/img/6977df338772f.jpg
[2026-01-26 22:40:03] Request: /assets/img/6977db980c534.jpg
[2026-01-26 22:40:03] Request: /assets/img/6977db748e7f6.jpg
[2026-01-26 22:40:04] Request: /favicon.ico
[2026-01-26 22:40:06] Request: /
[2026-01-26 22:40:06] Request: /assets/css/style.css
[2026-01-26 22:40:06] Request: /assets/img/6977df338772f.jpg
[2026-01-26 22:40:06] Request: /assets/img/6977db980c534.jpg
[2026-01-26 22:40:06] Request: /assets/img/6977db748e7f6.jpg
[2026-01-26 22:40:06] Request: /assets/js/main.js
[2026-01-26 22:40:07] Request: /favicon.ico
[2026-01-26 22:40:34] Request: /
[2026-01-26 22:40:34] Request: /assets/css/style.css
[2026-01-26 22:40:34] Request: /assets/img/6977df338772f.jpg
[2026-01-26 22:40:34] Request: /assets/img/6977db980c534.jpg
[2026-01-26 22:40:34] Request: /assets/img/6977db748e7f6.jpg
[2026-01-26 22:40:34] Request: /assets/js/main.js
[2026-01-26 22:40:35] Request: /favicon.ico
[2026-01-26 22:47:29] Request: /
[2026-01-26 22:47:30] Request: /assets/css/style.css
[2026-01-26 22:47:30] Request: /assets/img/6977df338772f.jpg
[2026-01-26 22:47:30] Request: /assets/img/6977db980c534.jpg
[2026-01-26 22:47:30] Request: /assets/img/6977db748e7f6.jpg
[2026-01-26 22:47:30] Request: /assets/js/main.js
[2026-01-26 22:47:30] Request: /
[2026-01-26 22:47:30] Request: /assets/css/style.css
[2026-01-26 22:47:30] Request: /assets/img/6977df338772f.jpg
[2026-01-26 22:47:30] Request: /assets/img/6977db980c534.jpg
[2026-01-26 22:47:30] Request: /assets/img/6977db748e7f6.jpg
[2026-01-26 22:47:30] Request: /assets/js/main.js
[2026-01-26 22:47:31] Request: /favicon.ico
[2026-01-26 22:47:31] Request: /
[2026-01-26 22:47:31] Request: /assets/css/style.css
[2026-01-26 22:47:31] Request: /assets/img/6977df338772f.jpg
[2026-01-26 22:47:31] Request: /assets/img/6977db980c534.jpg
[2026-01-26 22:47:31] Request: /assets/img/6977db748e7f6.jpg
[2026-01-26 22:47:31] Request: /assets/js/main.js
[2026-01-26 22:47:32] Request: /favicon.ico
[2026-01-26 22:47:37] Request: /painel
[2026-01-26 22:47:37] Request: /assets/css/admin.css
[2026-01-26 22:47:37] Request: /assets/img/6977df338772f.jpg
[2026-01-26 22:47:37] Request: /assets/img/6977db980c534.jpg
[2026-01-26 22:47:37] Request: /assets/img/6977db748e7f6.jpg
[2026-01-26 22:47:38] Request: /favicon.ico
[2026-01-26 22:47:43] Request: /admin/produtos/edit.php
[2026-01-26 22:47:43] Request: /assets/img/6977df338772f.jpg
[2026-01-26 22:47:43] Request: /favicon.ico
[2026-01-26 22:49:15] Request: /admin/produtos/edit.php
[2026-01-26 22:49:15] Request: /assets/img/6977df338772f.jpg
[2026-01-26 22:49:16] Request: /favicon.ico
[2026-01-26 22:49:18] Request: /painel
[2026-01-26 22:49:18] Request: /assets/css/admin.css
[2026-01-26 22:49:18] Request: /assets/img/6977df338772f.jpg
[2026-01-26 22:49:18] Request: /assets/img/6977db980c534.jpg
[2026-01-26 22:49:18] Request: /assets/img/6977db748e7f6.jpg
[2026-01-26 22:49:19] Request: /favicon.ico
[2026-01-26 22:49:24] Request: /painel
[2026-01-26 22:49:24] Request: /assets/css/admin.css
[2026-01-26 22:49:24] Request: /assets/img/6977df338772f.jpg
[2026-01-26 22:49:24] Request: /assets/img/6977db980c534.jpg
[2026-01-26 22:49:24] Request: /assets/img/6977db748e7f6.jpg
[2026-01-26 22:49:25] Request: /favicon.ico
[2026-01-26 22:49:27] Request: /admin/produtos/edit.php
[2026-01-26 22:49:27] Request: /assets/img/6977df338772f.jpg
[2026-01-26 22:49:27] Request: /favicon.ico
[2026-01-26 22:50:44] Request: /
[2026-01-26 22:50:44] Request: /assets/css/style.css
[2026-01-26 22:50:44] Request: /assets/img/6977df338772f.jpg
[2026-01-26 22:50:44] Request: /assets/img/6977db980c534.jpg
[2026-01-26 22:50:44] Request: /assets/img/6977db748e7f6.jpg
[2026-01-26 22:50:44] Request: /assets/js/main.js
[2026-01-26 22:50:44] Request: /favicon.ico
[2026-01-26 23:04:27] Request: /admin/produtos/update.php
[2026-01-26 23:04:27] Request: /painel
[2026-01-26 23:04:27] Request: /assets/css/admin.css
[2026-01-26 23:04:27] Request: /assets/img/6977df338772f.jpg
[2026-01-26 23:04:27] Request: /assets/img/6977db980c534.jpg
[2026-01-26 23:04:27] Request: /assets/img/6977db748e7f6.jpg
[2026-01-26 23:04:27] Request: /favicon.ico
[2026-01-26 23:04:31] Request: /configuracoes
[2026-01-26 23:04:32] Request: /assets/css/admin.css
[2026-01-26 23:04:32] Request: /favicon.ico
[2026-01-26 23:04:34] Request: /painel
[2026-01-26 23:04:34] Request: /assets/css/admin.css
[2026-01-26 23:04:34] Request: /assets/img/6977df338772f.jpg
[2026-01-26 23:04:34] Request: /assets/img/6977db980c534.jpg
[2026-01-26 23:04:34] Request: /assets/img/6977db748e7f6.jpg
[2026-01-26 23:04:35] Request: /favicon.ico
[2026-01-26 23:07:02] Request: /painel
[2026-01-26 23:07:02] Request: /assets/css/admin.css
[2026-01-26 23:07:02] Request: /assets/img/6977df338772f.jpg
[2026-01-26 23:07:02] Request: /assets/img/6977db980c534.jpg
[2026-01-26 23:07:02] Request: /assets/img/6977db748e7f6.jpg
[2026-01-26 23:07:04] Request: /favicon.ico
[2026-01-26 23:07:05] Request: /admin/produtos/edit.php
[2026-01-26 23:07:05] Request: /assets/css/admin.css
[2026-01-26 23:07:05] Request: /assets/img/6977df338772f.jpg
[2026-01-26 23:07:05] Request: /favicon.ico
[2026-01-26 23:07:11] Request: /painel
[2026-01-26 23:07:12] Request: /assets/css/admin.css
[2026-01-26 23:07:12] Request: /assets/img/6977df338772f.jpg
[2026-01-26 23:07:12] Request: /assets/img/6977db980c534.jpg
[2026-01-26 23:07:12] Request: /assets/img/6977db748e7f6.jpg
[2026-01-26 23:07:14] Request: /favicon.ico
[2026-01-26 23:07:14] Request: /admin/produtos/edit.php
[2026-01-26 23:07:14] Request: /assets/css/admin.css
[2026-01-26 23:07:14] Request: /assets/img/6977df338772f.jpg
[2026-01-26 23:07:14] Request: /favicon.ico
[2026-01-26 23:12:10] Request: /admin/produtos/edit.php
[2026-01-26 23:12:10] Request: /assets/css/admin.css
[2026-01-26 23:12:10] Request: /assets/img/6977df338772f.jpg
[2026-01-26 23:12:10] Request: /favicon.ico
[2026-01-28 15:13:36] Request: /
[2026-01-28 15:13:36] Request: /assets/css/style.css
[2026-01-28 15:13:36] Request: /assets/img/6977df338772f.jpg
[2026-01-28 15:13:36] Request: /assets/img/6977db980c534.jpg
[2026-01-28 15:13:36] Request: /assets/img/6977db748e7f6.jpg
[2026-01-28 15:13:36] Request: /assets/js/main.js
[2026-01-28 15:13:37] Request: /favicon.ico
[2026-01-28 15:13:46] Request: /admin
[2026-01-28 15:13:46] Request: /assets/css/admin.css
[2026-01-28 15:13:46] Request: /assets/img/6977df338772f.jpg
[2026-01-28 15:13:46] Request: /assets/img/6977db980c534.jpg
[2026-01-28 15:13:46] Request: /assets/img/6977db748e7f6.jpg
[2026-01-28 15:13:47] Request: /favicon.ico
[2026-01-28 15:13:49] Request: /service-worker.js
[2026-01-28 15:13:50] Request: /logout
[2026-01-28 15:13:50] Request: /login
[2026-01-28 15:13:50] Request: /favicon.ico
[2026-01-28 15:13:52] Request: /service-worker.js
[2026-01-28 15:13:53] Request: /admin/auth.php
[2026-01-28 15:13:53] Request: /admin/login.php
[2026-01-28 15:13:53] Request: /favicon.ico
[2026-01-28 15:13:54] Request: /service-worker.js
[2026-01-28 15:13:57] Request: /admin/auth.php
[2026-01-28 15:13:57] Request: /admin/login.php
[2026-01-28 15:13:57] Request: /favicon.ico
[2026-01-28 15:13:59] Request: /service-worker.js
[2026-01-28 15:14:09] Request: /admin/auth.php
[2026-01-28 15:14:09] Request: /admin/login.php
[2026-01-28 15:14:09] Request: /favicon.ico
[2026-01-28 15:14:11] Request: /service-worker.js
[2026-01-28 15:14:15] Request: /admin/auth.php
[2026-01-28 15:14:15] Request: /painel
[2026-01-28 15:14:15] Request: /assets/css/admin.css
[2026-01-28 15:14:15] Request: /assets/img/6977df338772f.jpg
[2026-01-28 15:14:15] Request: /assets/img/6977db980c534.jpg
[2026-01-28 15:14:15] Request: /assets/img/6977db748e7f6.jpg
[2026-01-28 15:14:16] Request: /favicon.ico
[2026-01-28 15:14:17] Request: /service-worker.js
[2026-01-28 15:20:56] Request: /painel
[2026-01-28 15:20:56] Request: /assets/css/admin.css
[2026-01-28 15:20:56] Request: /assets/img/6977df338772f.jpg
[2026-01-28 15:20:56] Request: /assets/img/6977db980c534.jpg
[2026-01-28 15:20:56] Request: /assets/img/6977db748e7f6.jpg
[2026-01-28 15:20:57] Request: /favicon.ico
[2026-01-28 15:36:45] Request: /configuracoes
[2026-01-28 15:36:46] Request: /assets/css/admin.css
[2026-01-28 15:36:46] Request: /favicon.ico
[2026-01-28 15:36:47] Request: /service-worker.js
[2026-01-28 15:36:55] Request: /configuracoes
[2026-01-28 15:36:56] Request: /assets/css/admin.css
[2026-01-28 15:36:56] Request: /favicon.ico
[2026-01-28 15:36:57] Request: /service-worker.js
[2026-01-28 15:36:59] Request: /logout
[2026-01-28 15:36:59] Request: /login
[2026-01-28 15:36:59] Request: /favicon.ico
[2026-01-28 15:37:01] Request: /service-worker.js
[2026-01-28 15:37:01] Request: /admin/auth.php
[2026-01-28 15:37:01] Request: /painel
[2026-01-28 15:37:01] Request: /assets/css/admin.css
[2026-01-28 15:37:01] Request: /assets/img/6977df338772f.jpg
[2026-01-28 15:37:01] Request: /assets/img/6977db980c534.jpg
[2026-01-28 15:37:01] Request: /assets/img/6977db748e7f6.jpg
[2026-01-28 15:37:02] Request: /favicon.ico
[2026-01-28 15:37:03] Request: /service-worker.js
[2026-01-28 15:37:04] Request: /admin/produtos/create.php
[2026-01-28 15:37:04] Request: /favicon.ico
[2026-01-28 15:37:05] Request: /painel
[2026-01-28 15:37:05] Request: /assets/css/admin.css
[2026-01-28 15:37:05] Request: /assets/img/6977df338772f.jpg
[2026-01-28 15:37:05] Request: /assets/img/6977db980c534.jpg
[2026-01-28 15:37:05] Request: /assets/img/6977db748e7f6.jpg
[2026-01-28 15:37:05] Request: /service-worker.js
[2026-01-28 15:37:06] Request: /favicon.ico
[2026-01-28 15:37:07] Request: /admin/produtos/create.php
[2026-01-28 15:37:07] Request: /favicon.ico
[2026-01-28 15:37:07] Request: /service-worker.js
[2026-01-28 15:37:09] Request: /service-worker.js
[2026-01-28 15:37:12] Request: /painel
[2026-01-28 15:37:12] Request: /assets/css/admin.css
[2026-01-28 15:37:12] Request: /assets/img/6977df338772f.jpg
[2026-01-28 15:37:12] Request: /assets/img/6977db980c534.jpg
[2026-01-28 15:37:12] Request: /assets/img/6977db748e7f6.jpg
[2026-01-28 15:37:13] Request: /favicon.ico
[2026-01-28 15:37:14] Request: /logout
[2026-01-28 15:37:14] Request: /login
[2026-01-28 15:37:14] Request: /favicon.ico
[2026-01-28 15:37:15] Request: /service-worker.js
[2026-01-28 15:37:19] Request: /
[2026-01-28 15:37:19] Request: /assets/css/style.css
[2026-01-28 15:37:19] Request: /assets/img/6977df338772f.jpg
[2026-01-28 15:37:19] Request: /assets/img/6977db980c534.jpg
[2026-01-28 15:37:19] Request: /assets/js/main.js
[2026-01-28 15:37:19] Request: /assets/img/6977db748e7f6.jpg
[2026-01-28 15:37:20] Request: /favicon.ico
[2026-01-28 15:37:21] Request: /service-worker.js
[2026-01-28 15:44:36] Request: /admin/auth.php
[2026-01-28 15:44:36] Request: /painel
[2026-01-28 15:44:36] Request: /assets/css/admin.css
[2026-01-28 15:44:36] Request: /assets/img/6977df338772f.jpg
[2026-01-28 15:44:36] Request: /assets/img/6977db980c534.jpg
[2026-01-28 15:44:36] Request: /assets/img/6977db748e7f6.jpg
[2026-01-28 15:44:37] Request: /favicon.ico
[2026-01-28 15:44:38] Request: /service-worker.js
[2026-01-28 16:29:55] Request: /configuracoes
[2026-01-28 16:29:55] Request: /assets/css/admin.css
[2026-01-28 16:29:55] Request: /favicon.ico
[2026-01-28 16:29:56] Request: /painel
[2026-01-28 16:29:56] Request: /assets/css/admin.css
[2026-01-28 16:29:56] Request: /assets/img/6977df338772f.jpg
[2026-01-28 16:29:56] Request: /assets/img/6977db980c534.jpg
[2026-01-28 16:29:56] Request: /assets/img/6977db748e7f6.jpg
[2026-01-28 16:29:57] Request: /favicon.ico
[2026-01-28 16:29:58] Request: /service-worker.js
[2026-01-28 16:29:59] Request: /logout
[2026-01-28 16:29:59] Request: /login
[2026-01-28 16:29:59] Request: /favicon.ico
[2026-01-28 16:30:01] Request: /service-worker.js
[2026-01-28 16:30:01] Request: /admin/auth.php
[2026-01-28 16:30:01] Request: /painel
[2026-01-28 16:30:01] Request: /assets/css/admin.css
[2026-01-28 16:30:01] Request: /assets/img/6977df338772f.jpg
[2026-01-28 16:30:01] Request: /assets/img/6977db980c534.jpg
[2026-01-28 16:30:01] Request: /assets/img/6977db748e7f6.jpg
[2026-01-28 16:30:03] Request: /favicon.ico
[2026-01-28 16:30:04] Request: /admin/produtos/edit.php
[2026-01-28 16:30:04] Request: /assets/css/admin.css
[2026-01-28 16:30:04] Request: /assets/img/6977db748e7f6.jpg
[2026-01-28 16:30:04] Request: /service-worker.js
[2026-01-28 16:30:04] Request: /favicon.ico
[2026-01-28 16:30:06] Request: /service-worker.js
[2026-01-28 16:31:31] Request: /admin/produtos/update.php
[2026-01-28 16:31:31] Request: /painel
[2026-01-28 16:31:31] Request: /assets/css/admin.css
[2026-01-28 16:31:31] Request: /assets/img/6977df338772f.jpg
[2026-01-28 16:31:31] Request: /assets/img/6977db980c534.jpg
[2026-01-28 16:31:31] Request: /assets/img/6977db748e7f6.jpg
[2026-01-28 16:31:31] Request: /favicon.ico
[2026-01-28 16:31:33] Request: /service-worker.js
[2026-01-28 16:31:34] Request: /admin/produtos/edit.php
[2026-01-28 16:31:34] Request: /assets/css/admin.css
[2026-01-28 16:31:34] Request: /assets/img/6977df338772f.jpg
[2026-01-28 16:31:34] Request: /favicon.ico
[2026-01-28 16:31:35] Request: /service-worker.js
[2026-01-28 16:31:40] Request: /admin/produtos/update.php
[2026-01-28 16:31:40] Request: /painel
[2026-01-28 16:31:40] Request: /assets/css/admin.css
[2026-01-28 16:31:40] Request: /assets/img/6977df338772f.jpg
[2026-01-28 16:31:40] Request: /assets/img/6977db980c534.jpg
[2026-01-28 16:31:40] Request: /assets/img/6977db748e7f6.jpg
[2026-01-28 16:31:41] Request: /favicon.ico
[2026-01-28 16:31:43] Request: /service-worker.js
[2026-01-28 16:31:43] Request: /admin/produtos/edit.php
[2026-01-28 16:31:43] Request: /assets/css/admin.css
[2026-01-28 16:31:43] Request: /assets/img/6977df338772f.jpg
[2026-01-28 16:31:43] Request: /assets/img/697a2bdccf472_0.jpeg
[2026-01-28 16:31:43] Request: /assets/img/697a2bdccfc8d_1.jpeg
[2026-01-28 16:31:43] Request: /assets/img/697a2bdcd04de_2.jpeg
[2026-01-28 16:31:43] Request: /assets/img/697a2bdcd0c33_3.jpeg
[2026-01-28 16:31:43] Request: /assets/img/697a2bdcd1243_4.jpeg
[2026-01-28 16:31:44] Request: /favicon.ico
[2026-01-28 16:31:45] Request: /service-worker.js
[2026-01-28 16:31:49] Request: /admin/produtos/update.php
[2026-01-28 16:31:49] Request: /painel
[2026-01-28 16:31:49] Request: /assets/css/admin.css
[2026-01-28 16:31:49] Request: /assets/img/697a2bdccf472_0.jpeg
[2026-01-28 16:31:49] Request: /assets/img/6977db980c534.jpg
[2026-01-28 16:31:49] Request: /assets/img/6977db748e7f6.jpg
[2026-01-28 16:31:49] Request: /favicon.ico
[2026-01-28 16:31:51] Request: /admin/produtos/edit.php
[2026-01-28 16:31:51] Request: /assets/css/admin.css
[2026-01-28 16:31:51] Request: /assets/img/6977df338772f.jpg
[2026-01-28 16:31:51] Request: /assets/img/697a2bdccf472_0.jpeg
[2026-01-28 16:31:51] Request: /assets/img/697a2bdccfc8d_1.jpeg
[2026-01-28 16:31:51] Request: /assets/img/697a2bdcd04de_2.jpeg
[2026-01-28 16:31:51] Request: /assets/img/697a2bdcd0c33_3.jpeg
[2026-01-28 16:31:51] Request: /assets/img/697a2bdcd1243_4.jpeg
[2026-01-28 16:31:51] Request: /favicon.ico
[2026-01-28 16:31:51] Request: /service-worker.js
[2026-01-28 16:31:53] Request: /service-worker.js
[2026-01-28 16:31:53] Request: /admin/produtos/update.php
[2026-01-28 16:31:53] Request: /painel
[2026-01-28 16:31:53] Request: /assets/css/admin.css
[2026-01-28 16:31:53] Request: /assets/img/6977df338772f.jpg
[2026-01-28 16:31:53] Request: /assets/img/6977db980c534.jpg
[2026-01-28 16:31:53] Request: /assets/img/6977db748e7f6.jpg
[2026-01-28 16:31:54] Request: /favicon.ico
[2026-01-28 16:31:56] Request: /service-worker.js
[2026-01-28 16:33:05] Request: /admin/produtos/edit.php
[2026-01-28 16:33:06] Request: /assets/css/admin.css
[2026-01-28 16:33:06] Request: /assets/img/6977db980c534.jpg
[2026-01-28 16:33:06] Request: /favicon.ico
[2026-01-28 16:33:07] Request: /service-worker.js
[2026-01-28 16:33:11] Request: /painel
[2026-01-28 16:33:11] Request: /assets/css/admin.css
[2026-01-28 16:33:11] Request: /assets/img/6977df338772f.jpg
[2026-01-28 16:33:11] Request: /assets/img/6977db980c534.jpg
[2026-01-28 16:33:11] Request: /assets/img/6977db748e7f6.jpg
[2026-01-28 16:33:12] Request: /favicon.ico
[2026-01-28 16:33:13] Request: /service-worker.js
[2026-01-28 16:34:42] Request: /admin/produtos/edit.php
[2026-01-28 16:34:43] Request: /assets/css/admin.css
[2026-01-28 16:34:43] Request: /assets/img/6977df338772f.jpg
[2026-01-28 16:34:43] Request: /assets/img/697a2bdccf472_0.jpeg
[2026-01-28 16:34:43] Request: /assets/img/697a2bdccfc8d_1.jpeg
[2026-01-28 16:34:43] Request: /assets/img/697a2bdcd04de_2.jpeg
[2026-01-28 16:34:43] Request: /assets/img/697a2bdcd0c33_3.jpeg
[2026-01-28 16:34:43] Request: /assets/img/697a2bdcd1243_4.jpeg
[2026-01-28 16:34:43] Request: /favicon.ico
[2026-01-28 16:34:44] Request: /service-worker.js
[2026-01-28 16:35:00] Request: /admin/produtos/update.php
[2026-01-28 16:35:00] Request: /painel
[2026-01-28 16:35:01] Request: /assets/css/admin.css
[2026-01-28 16:35:01] Request: /assets/img/6977df338772f.jpg
[2026-01-28 16:35:01] Request: /assets/img/6977db980c534.jpg
[2026-01-28 16:35:01] Request: /assets/img/6977db748e7f6.jpg
[2026-01-28 16:35:01] Request: /favicon.ico
[2026-01-28 16:35:03] Request: /
[2026-01-28 16:35:03] Request: /assets/css/style.css
[2026-01-28 16:35:03] Request: /assets/img/6977df338772f.jpg
[2026-01-28 16:35:03] Request: /assets/img/6977db980c534.jpg
[2026-01-28 16:35:03] Request: /assets/img/6977db748e7f6.jpg
[2026-01-28 16:35:03] Request: /assets/js/main.js
[2026-01-28 16:35:03] Request: /service-worker.js
[2026-01-28 16:35:04] Request: /favicon.ico
[2026-01-28 16:35:13] Request: /admin/produtos/edit.php
[2026-01-28 16:35:13] Request: /assets/css/admin.css
[2026-01-28 16:35:13] Request: /assets/img/6977df338772f.jpg
[2026-01-28 16:35:13] Request: /assets/img/697a2bdccf472_0.jpeg
[2026-01-28 16:35:13] Request: /assets/img/697a2bdccfc8d_1.jpeg
[2026-01-28 16:35:13] Request: /assets/img/697a2bdcd04de_2.jpeg
[2026-01-28 16:35:13] Request: /assets/img/697a2bdcd0c33_3.jpeg
[2026-01-28 16:35:13] Request: /assets/img/697a2bdcd1243_4.jpeg
[2026-01-28 16:35:13] Request: /favicon.ico
[2026-01-28 16:35:15] Request: /service-worker.js
[2026-01-28 16:35:21] Request: /admin/produtos/update.php
[2026-01-28 16:35:21] Request: /painel
[2026-01-28 16:35:21] Request: /assets/css/admin.css
[2026-01-28 16:35:21] Request: /assets/img/6977df338772f.jpg
[2026-01-28 16:35:21] Request: /assets/img/6977db980c534.jpg
[2026-01-28 16:35:21] Request: /assets/img/6977db748e7f6.jpg
[2026-01-28 16:35:21] Request: /favicon.ico
[2026-01-28 16:35:23] Request: /logout
[2026-01-28 16:35:23] Request: /login
[2026-01-28 16:35:23] Request: /favicon.ico
[2026-01-28 16:35:23] Request: /service-worker.js
[2026-01-28 16:35:24] Request: /service-worker.js
[2026-01-28 16:35:25] Request: /admin/auth.php
[2026-01-28 16:35:25] Request: /painel
[2026-01-28 16:35:25] Request: /assets/css/admin.css
[2026-01-28 16:35:25] Request: /assets/img/6977df338772f.jpg
[2026-01-28 16:35:25] Request: /assets/img/6977db980c534.jpg
[2026-01-28 16:35:25] Request: /assets/img/6977db748e7f6.jpg
[2026-01-28 16:35:25] Request: /favicon.ico
[2026-01-28 16:35:27] Request: /service-worker.js
[2026-01-28 17:14:39] Request: /admin/produtos/edit.php
[2026-01-28 17:14:39] Request: /assets/css/admin.css
[2026-01-28 17:14:39] Request: /assets/img/6977db748e7f6.jpg
[2026-01-28 17:14:39] Request: /assets/img/697a2bd316440_0.jpeg
[2026-01-28 17:14:39] Request: /assets/img/697a2bd319251_1.jpeg
[2026-01-28 17:14:39] Request: /assets/img/697a2bd319d26_2.jpeg
[2026-01-28 17:14:39] Request: /assets/img/697a2bd31a314_3.jpeg
[2026-01-28 17:14:39] Request: /assets/img/697a2bd31a89a_4.jpeg
[2026-01-28 17:14:40] Request: /favicon.ico
[2026-01-28 17:14:41] Request: /service-worker.js
[2026-01-28 17:14:41] Request: /painel
[2026-01-28 17:14:41] Request: /assets/css/admin.css
[2026-01-28 17:14:41] Request: /assets/img/6977df338772f.jpg
[2026-01-28 17:14:41] Request: /assets/img/6977db980c534.jpg
[2026-01-28 17:14:41] Request: /assets/img/6977db748e7f6.jpg
[2026-01-28 17:14:43] Request: /favicon.ico
[2026-01-28 17:14:43] Request: /admin/produtos/edit.php
[2026-01-28 17:14:43] Request: /assets/css/admin.css
[2026-01-28 17:14:43] Request: /assets/img/6977db980c534.jpg
[2026-01-28 17:14:43] Request: /favicon.ico
[2026-01-28 17:14:45] Request: /service-worker.js
[2026-01-28 17:14:49] Request: /admin/produtos/update.php
[2026-01-28 17:14:49] Request: /painel
[2026-01-28 17:14:49] Request: /assets/css/admin.css
[2026-01-28 17:14:49] Request: /assets/img/6977df338772f.jpg
[2026-01-28 17:14:49] Request: /assets/img/6977db980c534.jpg
[2026-01-28 17:14:49] Request: /assets/img/6977db748e7f6.jpg
[2026-01-28 17:14:49] Request: /favicon.ico
[2026-01-28 17:14:51] Request: /service-worker.js
[2026-01-28 17:14:52] Request: /admin/produtos/edit.php
[2026-01-28 17:14:52] Request: /assets/css/admin.css
[2026-01-28 17:14:52] Request: /assets/img/6977df338772f.jpg
[2026-01-28 17:14:52] Request: /assets/img/697a2bdccf472_0.jpeg
[2026-01-28 17:14:52] Request: /assets/img/697a2bdccfc8d_1.jpeg
[2026-01-28 17:14:52] Request: /assets/img/697a2bdcd04de_2.jpeg
[2026-01-28 17:14:52] Request: /assets/img/697a2bdcd0c33_3.jpeg
[2026-01-28 17:14:52] Request: /assets/img/697a2bdcd1243_4.jpeg
[2026-01-28 17:14:53] Request: /favicon.ico
[2026-01-28 17:14:54] Request: /service-worker.js
[2026-01-28 17:15:03] Request: /admin/produtos/update.php
[2026-01-28 17:15:03] Request: /painel
[2026-01-28 17:15:03] Request: /assets/css/admin.css
[2026-01-28 17:15:03] Request: /assets/img/6977df338772f.jpg
[2026-01-28 17:15:03] Request: /assets/img/6977db980c534.jpg
[2026-01-28 17:15:03] Request: /assets/img/6977db748e7f6.jpg
[2026-01-28 17:15:04] Request: /favicon.ico
[2026-01-28 17:15:06] Request: /service-worker.js
[2026-01-28 17:15:07] Request: /
[2026-01-28 17:15:07] Request: /assets/css/style.css
[2026-01-28 17:15:07] Request: /assets/img/6977df338772f.jpg
[2026-01-28 17:15:07] Request: /assets/img/6977db980c534.jpg
[2026-01-28 17:15:07] Request: /assets/img/6977db748e7f6.jpg
[2026-01-28 17:15:07] Request: /assets/js/main.js
[2026-01-28 17:15:09] Request: /favicon.ico
[2026-01-28 17:15:13] Request: /admin/produtos/edit.php
[2026-01-28 17:15:13] Request: /assets/css/admin.css
[2026-01-28 17:15:13] Request: /assets/img/6977db980c534.jpg
[2026-01-28 17:15:13] Request: /favicon.ico
[2026-01-28 17:15:15] Request: /admin/produtos/update.php
[2026-01-28 17:15:15] Request: /painel
[2026-01-28 17:15:15] Request: /assets/css/admin.css
[2026-01-28 17:15:15] Request: /assets/img/6977df338772f.jpg
[2026-01-28 17:15:15] Request: /assets/img/6977db980c534.jpg
[2026-01-28 17:15:15] Request: /assets/img/6977db748e7f6.jpg
[2026-01-28 17:15:15] Request: /service-worker.js
[2026-01-28 17:15:15] Request: /favicon.ico
[2026-01-28 17:15:17] Request: /painel
[2026-01-28 17:15:17] Request: /assets/css/admin.css
[2026-01-28 17:15:17] Request: /assets/img/6977df338772f.jpg
[2026-01-28 17:15:17] Request: /assets/img/6977db980c534.jpg
[2026-01-28 17:15:17] Request: /assets/img/6977db748e7f6.jpg
[2026-01-28 17:15:17] Request: /service-worker.js
[2026-01-28 17:15:18] Request: /favicon.ico
[2026-01-28 17:29:12] Request: /admin/produtos/edit.php
[2026-01-28 17:29:12] Request: /assets/css/admin.css
[2026-01-28 17:29:12] Request: /assets/img/6977db980c534.jpg
[2026-01-28 17:29:12] Request: /favicon.ico
[2026-01-28 17:29:14] Request: /service-worker.js
[2026-01-28 17:29:18] Request: /admin/produtos/update.php
[2026-01-28 17:29:18] Request: /painel
[2026-01-28 17:29:18] Request: /assets/css/admin.css
[2026-01-28 17:29:18] Request: /assets/img/6977df338772f.jpg
[2026-01-28 17:29:18] Request: /assets/img/6977db980c534.jpg
[2026-01-28 17:29:18] Request: /assets/img/6977db748e7f6.jpg
[2026-01-28 17:29:18] Request: /favicon.ico
[2026-01-28 17:29:20] Request: /service-worker.js
[2026-01-28 17:29:22] Request: /
[2026-01-28 17:29:22] Request: /assets/css/style.css
[2026-01-28 17:29:22] Request: /assets/img/6977df338772f.jpg
[2026-01-28 17:29:22] Request: /assets/img/6977db980c534.jpg
[2026-01-28 17:29:22] Request: /assets/img/6977db748e7f6.jpg
[2026-01-28 17:29:22] Request: /assets/js/main.js
[2026-01-28 17:29:22] Request: /favicon.ico
[2026-01-28 17:29:28] Request: /admin/produtos/edit.php
[2026-01-28 17:29:28] Request: /assets/css/admin.css
[2026-01-28 17:29:28] Request: /assets/img/6977db980c534.jpg
[2026-01-28 17:29:28] Request: /favicon.ico
[2026-01-28 17:29:30] Request: /service-worker.js
[2026-01-28 17:29:45] Request: /admin/produtos/update.php
[2026-01-28 17:29:45] Request: /painel
[2026-01-28 17:29:45] Request: /assets/css/admin.css
[2026-01-28 17:29:45] Request: /assets/img/6977df338772f.jpg
[2026-01-28 17:29:45] Request: /assets/img/6977db980c534.jpg
[2026-01-28 17:29:45] Request: /assets/img/6977db748e7f6.jpg
[2026-01-28 17:29:46] Request: /favicon.ico
[2026-01-28 17:29:48] Request: /service-worker.js
[2026-01-28 17:29:50] Request: /configuracoes
[2026-01-28 17:29:50] Request: /assets/css/admin.css
[2026-01-28 17:29:50] Request: /favicon.ico
[2026-01-28 17:29:51] Request: /painel
[2026-01-28 17:29:51] Request: /assets/css/admin.css
[2026-01-28 17:29:51] Request: /assets/img/6977df338772f.jpg
[2026-01-28 17:29:51] Request: /assets/img/6977db980c534.jpg
[2026-01-28 17:29:51] Request: /assets/img/6977db748e7f6.jpg
[2026-01-28 17:29:51] Request: /service-worker.js
[2026-01-28 17:29:52] Request: /favicon.ico
[2026-01-28 17:29:54] Request: /service-worker.js
[2026-01-28 17:30:19] Request: /admin/produtos/edit.php
[2026-01-28 17:30:19] Request: /assets/css/admin.css
[2026-01-28 17:30:19] Request: /assets/img/6977df338772f.jpg
[2026-01-28 17:30:19] Request: /assets/img/697a2bdccf472_0.jpeg
[2026-01-28 17:30:19] Request: /assets/img/697a2bdccfc8d_1.jpeg
[2026-01-28 17:30:19] Request: /assets/img/697a2bdcd04de_2.jpeg
[2026-01-28 17:30:19] Request: /assets/img/697a2bdcd0c33_3.jpeg
[2026-01-28 17:30:19] Request: /assets/img/697a2bdcd1243_4.jpeg
[2026-01-28 17:30:20] Request: /favicon.ico
[2026-01-28 17:30:21] Request: /service-worker.js
[2026-01-28 17:30:30] Request: /admin/produtos/update.php
[2026-01-28 17:30:30] Request: /painel
[2026-01-28 17:30:30] Request: /assets/css/admin.css
[2026-01-28 17:30:30] Request: /assets/img/6977df338772f.jpg
[2026-01-28 17:30:30] Request: /assets/img/6977db980c534.jpg
[2026-01-28 17:30:30] Request: /assets/img/6977db748e7f6.jpg
[2026-01-28 17:30:31] Request: /favicon.ico
[2026-01-28 17:30:32] Request: /service-worker.js
[2026-01-28 17:33:34] Request: /painel
[2026-01-28 17:33:34] Request: /assets/css/admin.css
[2026-01-28 17:33:34] Request: /assets/img/6977df338772f.jpg
[2026-01-28 17:33:34] Request: /assets/img/6977db980c534.jpg
[2026-01-28 17:33:34] Request: /assets/img/6977db748e7f6.jpg
[2026-01-28 17:33:35] Request: /favicon.ico
[2026-01-28 17:33:59] Request: /
[2026-01-28 17:33:59] Request: /assets/css/style.css
[2026-01-28 17:33:59] Request: /assets/img/6977df338772f.jpg
[2026-01-28 17:33:59] Request: /assets/img/6977db980c534.jpg
[2026-01-28 17:33:59] Request: /assets/img/6977db748e7f6.jpg
[2026-01-28 17:33:59] Request: /assets/js/main.js
[2026-01-28 17:34:00] Request: /favicon.ico
[2026-01-28 17:34:00] Request: /favicon.svg
[2026-01-28 17:34:00] Request: /favicon.svg
[2026-01-28 17:39:58] Request: /
[2026-01-28 17:39:58] Request: /assets/css/style.css
[2026-01-28 17:39:58] Request: /assets/img/6977df338772f.jpg
[2026-01-28 17:39:58] Request: /assets/img/6977db980c534.jpg
[2026-01-28 17:39:58] Request: /assets/img/6977db748e7f6.jpg
[2026-01-28 17:39:58] Request: /assets/js/main.js
[2026-01-28 17:39:59] Request: /favicon.ico
[2026-01-28 17:39:59] Request: /favicon.svg
[2026-01-28 17:39:59] Request: /favicon.svg
[2026-01-28 17:40:02] Request: /painel
[2026-01-28 17:40:02] Request: /assets/css/admin.css
[2026-01-28 17:40:02] Request: /assets/img/6977df338772f.jpg
[2026-01-28 17:40:02] Request: /assets/img/6977db980c534.jpg
[2026-01-28 17:40:02] Request: /assets/img/6977db748e7f6.jpg
[2026-01-28 17:40:03] Request: /favicon.ico
[2026-01-28 17:41:26] Request: /
[2026-01-28 17:41:26] Request: /assets/css/style.css
[2026-01-28 17:41:26] Request: /assets/img/6977df338772f.jpg
[2026-01-28 17:41:26] Request: /assets/img/6977db980c534.jpg
[2026-01-28 17:41:26] Request: /assets/img/6977db748e7f6.jpg
[2026-01-28 17:41:26] Request: /assets/js/main.js
[2026-01-28 17:41:27] Request: /favicon.ico
[2026-01-28 17:41:27] Request: /favicon.svg
[2026-01-28 17:41:27] Request: /favicon.svg
[2026-01-28 17:43:18] Request: /
[2026-01-28 17:43:19] Request: /assets/css/style.css
[2026-01-28 17:43:19] Request: /assets/img/6977df338772f.jpg
[2026-01-28 17:43:19] Request: /assets/img/6977db980c534.jpg
[2026-01-28 17:43:19] Request: /assets/img/6977db748e7f6.jpg
[2026-01-28 17:43:19] Request: /assets/js/main.js
[2026-01-28 17:43:19] Request: /favicon.ico
[2026-01-28 17:43:19] Request: /favicon.svg
[2026-01-28 17:43:19] Request: /favicon.svg
[2026-01-28 17:47:08] Request: /
[2026-01-28 17:47:08] Request: /assets/css/style.css
[2026-01-28 17:47:08] Request: /assets/img/6977df338772f.jpg
[2026-01-28 17:47:08] Request: /assets/img/6977db980c534.jpg
[2026-01-28 17:47:08] Request: /assets/img/6977db748e7f6.jpg
[2026-01-28 17:47:08] Request: /assets/js/main.js
[2026-01-28 17:47:09] Request: /favicon.ico
[2026-01-28 17:47:09] Request: /favicon.svg
[2026-01-28 17:47:09] Request: /favicon.svg
[2026-01-28 17:47:10] Request: /service-worker.js
[2026-01-28 17:47:32] Request: /
[2026-01-28 17:47:32] Request: /assets/css/style.css
[2026-01-28 17:47:32] Request: /assets/img/6977df338772f.jpg
[2026-01-28 17:47:32] Request: /assets/img/6977db980c534.jpg
[2026-01-28 17:47:32] Request: /assets/img/6977db748e7f6.jpg
[2026-01-28 17:47:32] Request: /assets/js/main.js
[2026-01-28 17:47:32] Request: /favicon.ico
[2026-01-28 17:47:32] Request: /favicon.svg
[2026-01-28 17:47:32] Request: /favicon.svg
[2026-01-28 17:50:54] Request: /
[2026-01-28 17:50:54] Request: /assets/css/style.css
[2026-01-28 17:50:54] Request: /assets/img/6977df338772f.jpg
[2026-01-28 17:50:54] Request: /assets/img/6977db980c534.jpg
[2026-01-28 17:50:54] Request: /assets/img/6977db748e7f6.jpg
[2026-01-28 17:50:54] Request: /assets/js/main.js
[2026-01-28 17:50:54] Request: /favicon.ico
[2026-01-28 17:50:54] Request: /favicon.svg
[2026-01-28 17:50:54] Request: /favicon.svg
[2026-01-28 17:52:58] Request: /
[2026-01-28 17:52:58] Request: /assets/css/style.css
[2026-01-28 17:52:58] Request: /assets/img/6977df338772f.jpg
[2026-01-28 17:52:58] Request: /assets/img/6977db980c534.jpg
[2026-01-28 17:52:58] Request: /assets/img/6977db748e7f6.jpg
[2026-01-28 17:52:58] Request: /assets/js/main.js
[2026-01-28 17:52:59] Request: /favicon.ico
[2026-01-28 17:52:59] Request: /favicon.svg
[2026-01-28 17:52:59] Request: /favicon.svg
[2026-01-28 17:53:01] Request: /produto
[2026-01-28 17:53:01] Request: /assets/css/style.css
[2026-01-28 17:53:01] Request: /assets/img/6977df338772f.jpg
[2026-01-28 17:53:01] Request: /assets/img/697a2bdccf472_0.jpeg
[2026-01-28 17:53:01] Request: /assets/img/697a2bdccfc8d_1.jpeg
[2026-01-28 17:53:01] Request: /assets/img/697a2bdcd04de_2.jpeg
[2026-01-28 17:53:01] Request: /assets/js/main.js
[2026-01-28 17:53:01] Request: /assets/img/697a2bdcd0c33_3.jpeg
[2026-01-28 17:53:01] Request: /assets/img/697a2bdcd1243_4.jpeg
[2026-01-28 17:53:02] Request: /favicon.ico
[2026-01-28 17:53:03] Request: /service-worker.js
[2026-01-28 17:53:07] Request: /
[2026-01-28 17:53:07] Request: /assets/css/style.css
[2026-01-28 17:53:07] Request: /assets/img/6977df338772f.jpg
[2026-01-28 17:53:08] Request: /assets/img/6977db980c534.jpg
[2026-01-28 17:53:08] Request: /assets/img/6977db748e7f6.jpg
[2026-01-28 17:53:08] Request: /assets/js/main.js
[2026-01-28 17:53:08] Request: /favicon.ico
[2026-01-28 17:53:10] Request: /produto
[2026-01-28 17:53:10] Request: /assets/css/style.css
[2026-01-28 17:53:10] Request: /assets/img/6977db980c534.jpg
[2026-01-28 17:53:10] Request: /assets/js/main.js
[2026-01-28 17:53:10] Request: /favicon.ico
[2026-01-28 17:53:10] Request: /service-worker.js
[2026-01-28 17:53:12] Request: /service-worker.js
[2026-01-28 17:53:13] Request: /
[2026-01-28 17:53:13] Request: /assets/css/style.css
[2026-01-28 17:53:13] Request: /assets/img/6977df338772f.jpg
[2026-01-28 17:53:13] Request: /assets/img/6977db980c534.jpg
[2026-01-28 17:53:13] Request: /assets/img/6977db748e7f6.jpg
[2026-01-28 17:53:13] Request: /assets/js/main.js
[2026-01-28 17:53:13] Request: /favicon.ico
[2026-01-28 17:53:15] Request: /produto
[2026-01-28 17:53:15] Request: /assets/css/style.css
[2026-01-28 17:53:15] Request: /assets/img/6977db748e7f6.jpg
[2026-01-28 17:53:15] Request: /assets/img/697a2bd316440_0.jpeg
[2026-01-28 17:53:15] Request: /assets/img/697a2bd319251_1.jpeg
[2026-01-28 17:53:15] Request: /assets/img/697a2bd319d26_2.jpeg
[2026-01-28 17:53:15] Request: /assets/js/main.js
[2026-01-28 17:53:15] Request: /assets/img/697a2bd31a314_3.jpeg
[2026-01-28 17:53:15] Request: /assets/img/697a2bd31a89a_4.jpeg
[2026-01-28 17:53:15] Request: /service-worker.js
[2026-01-28 17:53:15] Request: /favicon.ico
[2026-01-28 17:53:17] Request: /service-worker.js
[2026-01-28 17:53:22] Request: /
[2026-01-28 17:53:22] Request: /assets/css/style.css
[2026-01-28 17:53:22] Request: /assets/img/6977df338772f.jpg
[2026-01-28 17:53:22] Request: /assets/img/6977db980c534.jpg
[2026-01-28 17:53:22] Request: /assets/img/6977db748e7f6.jpg
[2026-01-28 17:53:22] Request: /assets/js/main.js
[2026-01-28 17:53:23] Request: /favicon.ico
[2026-01-28 17:53:24] Request: /service-worker.js
[2026-01-28 17:53:25] Request: /produto
[2026-01-28 17:53:25] Request: /assets/css/style.css
[2026-01-28 17:53:25] Request: /assets/img/6977df338772f.jpg
[2026-01-28 17:53:25] Request: /assets/img/697a2bdccf472_0.jpeg
[2026-01-28 17:53:25] Request: /assets/img/697a2bdccfc8d_1.jpeg
[2026-01-28 17:53:25] Request: /assets/img/697a2bdcd04de_2.jpeg
[2026-01-28 17:53:25] Request: /assets/js/main.js
[2026-01-28 17:53:25] Request: /assets/img/697a2bdcd0c33_3.jpeg
[2026-01-28 17:53:25] Request: /assets/img/697a2bdcd1243_4.jpeg
[2026-01-28 17:53:25] Request: /favicon.ico
[2026-01-28 17:53:27] Request: /service-worker.js
[2026-01-28 17:53:37] Request: /admin/produtos/edit.php
[2026-01-28 17:53:37] Request: /assets/css/admin.css
[2026-01-28 17:53:37] Request: /assets/img/6977df338772f.jpg
[2026-01-28 17:53:37] Request: /assets/img/697a2bdccf472_0.jpeg
[2026-01-28 17:53:37] Request: /assets/img/697a2bdccfc8d_1.jpeg
[2026-01-28 17:53:37] Request: /assets/img/697a2bdcd04de_2.jpeg
[2026-01-28 17:53:37] Request: /assets/img/697a2bdcd0c33_3.jpeg
[2026-01-28 17:53:37] Request: /assets/img/697a2bdcd1243_4.jpeg
[2026-01-28 17:53:37] Request: /favicon.ico
[2026-01-28 17:53:39] Request: /service-worker.js
[2026-01-28 17:53:43] Request: /admin/produtos/update.php
[2026-01-28 17:53:43] Request: /painel
[2026-01-28 17:53:43] Request: /assets/css/admin.css
[2026-01-28 17:53:43] Request: /assets/img/697a2bdccf472_0.jpeg
[2026-01-28 17:53:43] Request: /assets/img/6977db980c534.jpg
[2026-01-28 17:53:43] Request: /assets/img/6977db748e7f6.jpg
[2026-01-28 17:53:44] Request: /favicon.ico
[2026-01-28 17:53:45] Request: /service-worker.js
[2026-01-28 17:53:46] Request: /
[2026-01-28 17:53:46] Request: /assets/css/style.css
[2026-01-28 17:53:46] Request: /assets/img/697a2bdccf472_0.jpeg
[2026-01-28 17:53:46] Request: /assets/img/6977db980c534.jpg
[2026-01-28 17:53:46] Request: /assets/img/6977db748e7f6.jpg
[2026-01-28 17:53:46] Request: /assets/js/main.js
[2026-01-28 17:53:47] Request: /favicon.ico
[2026-01-28 17:53:47] Request: /favicon.svg
[2026-01-28 17:53:47] Request: /favicon.svg
[2026-01-29 18:47:53] Request: /
[2026-01-29 18:47:53] Request: /assets/css/style.css
[2026-01-29 18:47:53] Request: /assets/img/697a2bdccf472_0.jpeg
[2026-01-29 18:47:53] Request: /assets/img/6977db980c534.jpg
[2026-01-29 18:47:53] Request: /assets/js/main.js
[2026-01-29 18:47:53] Request: /assets/img/6977db748e7f6.jpg
[2026-01-29 18:47:54] Request: /
[2026-01-29 18:47:54] Request: /assets/css/style.css
[2026-01-29 18:47:54] Request: /assets/img/697a2bdccf472_0.jpeg
[2026-01-29 18:47:54] Request: /assets/img/6977db980c534.jpg
[2026-01-29 18:47:54] Request: /assets/img/6977db748e7f6.jpg
[2026-01-29 18:47:54] Request: /assets/js/main.js
[2026-01-29 18:47:55] Request: /favicon.ico
[2026-01-29 18:47:56] Request: /service-worker.js
[2026-01-29 18:47:59] Request: /painel
[2026-01-29 18:47:59] Request: /assets/css/admin.css
[2026-01-29 18:47:59] Request: /assets/img/697a2bdccf472_0.jpeg
[2026-01-29 18:47:59] Request: /assets/img/6977db980c534.jpg
[2026-01-29 18:47:59] Request: /assets/img/6977db748e7f6.jpg
[2026-01-29 18:48:00] Request: /favicon.ico
[2026-01-29 18:48:01] Request: /service-worker.js
[2026-01-29 18:48:05] Request: /configuracoes
[2026-01-29 18:48:05] Request: /assets/css/admin.css
[2026-01-29 18:48:05] Request: /favicon.ico
[2026-01-29 18:48:06] Request: /painel
[2026-01-29 18:48:06] Request: /assets/css/admin.css
[2026-01-29 18:48:06] Request: /assets/img/697a2bdccf472_0.jpeg
[2026-01-29 18:48:06] Request: /assets/img/6977db980c534.jpg
[2026-01-29 18:48:06] Request: /assets/img/6977db748e7f6.jpg
[2026-01-29 18:48:06] Request: /favicon.ico
[2026-01-29 18:48:07] Request: /service-worker.js
[2026-01-29 18:48:08] Request: /service-worker.js
[2026-01-29 18:48:16] Request: /
[2026-01-29 18:48:16] Request: /assets/css/style.css
[2026-01-29 18:48:16] Request: /assets/img/697a2bdccf472_0.jpeg
[2026-01-29 18:48:16] Request: /assets/img/6977db980c534.jpg
[2026-01-29 18:48:16] Request: /assets/js/main.js
[2026-01-29 18:48:16] Request: /assets/img/6977db748e7f6.jpg
[2026-01-29 18:48:17] Request: /favicon.ico
[2026-01-29 18:48:18] Request: /service-worker.js
[2026-01-29 18:48:25] Request: /admin/produtos/create.php
[2026-01-29 18:48:25] Request: /favicon.ico
[2026-01-29 18:48:26] Request: /service-worker.js
[2026-01-29 18:49:40] Request: /admin/produtos/store.php
[2026-01-29 18:49:40] Request: /painel
[2026-01-29 18:49:40] Request: /assets/css/admin.css
[2026-01-29 18:49:40] Request: /assets/img/697b9db484e3f_0.png
[2026-01-29 18:49:40] Request: /assets/img/697a2bdccf472_0.jpeg
[2026-01-29 18:49:40] Request: /assets/img/6977db980c534.jpg
[2026-01-29 18:49:40] Request: /assets/img/6977db748e7f6.jpg
[2026-01-29 18:49:40] Request: /favicon.ico
[2026-01-29 18:49:42] Request: /service-worker.js
[2026-01-29 18:49:44] Request: /
[2026-01-29 18:49:44] Request: /assets/css/style.css
[2026-01-29 18:49:44] Request: /assets/img/697b9db484e3f_0.png
[2026-01-29 18:49:44] Request: /assets/img/697a2bdccf472_0.jpeg
[2026-01-29 18:49:44] Request: /assets/img/6977db980c534.jpg
[2026-01-29 18:49:44] Request: /assets/img/6977db748e7f6.jpg
[2026-01-29 18:49:44] Request: /assets/js/main.js
[2026-01-29 18:49:44] Request: /favicon.ico
[2026-01-29 18:49:44] Request: /favicon.svg
[2026-01-29 18:49:45] Request: /favicon.svg
[2026-01-29 18:49:57] Request: /produto
[2026-01-29 18:49:58] Request: /assets/css/style.css
[2026-01-29 18:49:58] Request: /assets/img/697b9db484e3f_0.png
[2026-01-29 18:49:58] Request: /assets/js/main.js
[2026-01-29 18:49:58] Request: /favicon.ico
[2026-01-29 18:49:59] Request: /service-worker.js
[2026-01-29 21:17:48] Request: /
[2026-01-29 21:17:48] Request: /assets/css/style.css
[2026-01-29 21:17:48] Request: /assets/img/697b9db484e3f_0.png
[2026-01-29 21:17:48] Request: /assets/img/697a2bdccf472_0.jpeg
[2026-01-29 21:17:48] Request: /assets/js/main.js
[2026-01-29 21:17:48] Request: /assets/img/6977db980c534.jpg
[2026-01-29 21:17:48] Request: /assets/img/6977db748e7f6.jpg
[2026-01-29 21:17:50] Request: /service-worker.js
